<?xml version="1.0" encoding="UTF-8"?>
<testng-results skipped="0" failed="0" ignored="0" total="3" passed="3">
  <reporter-output>
  </reporter-output>
  <suite name="Suite" duration-ms="178647" started-at="2023-02-24T12:02:46 IST" finished-at="2023-02-24T12:05:45 IST">
    <groups>
      <group name="cucumber">
        <method signature="AbstractTestNGCucumberTests.runScenario(io.cucumber.testng.PickleWrapper, io.cucumber.testng.FeatureWrapper)[pri:0, instance:runner.TestRunner@25359ed8]" name="runScenario" class="io.cucumber.testng.AbstractTestNGCucumberTests"/>
      </group> <!-- cucumber -->
    </groups>
    <test name="Test" duration-ms="178647" started-at="2023-02-24T12:02:46 IST" finished-at="2023-02-24T12:05:45 IST">
      <class name="runner.TestRunner">
        <test-method status="PASS" signature="setUpClass()[pri:0, instance:runner.TestRunner@25359ed8]" name="setUpClass" is-config="true" duration-ms="2743" started-at="2023-02-24T12:02:46 IST" finished-at="2023-02-24T12:02:49 IST">
          <reporter-output>
          </reporter-output>
        </test-method> <!-- setUpClass -->
        <test-method status="PASS" signature="runScenario(io.cucumber.testng.PickleWrapper, io.cucumber.testng.FeatureWrapper)[pri:0, instance:runner.TestRunner@25359ed8]" name="runScenario" duration-ms="38046" started-at="2023-02-24T12:02:49 IST" description="Runs Cucumber Scenarios" data-provider="scenarios" finished-at="2023-02-24T12:03:27 IST">
          <params>
            <param index="0">
              <value>
                <![CDATA["Test the new compaign creation functionality with "<compaignName>""]]>
              </value>
            </param>
            <param index="1">
              <value>
                <![CDATA["Optional[VTiger compaign create delete functionality test scenarios]"]]>
              </value>
            </param>
          </params>
          <reporter-output>
          </reporter-output>
        </test-method> <!-- runScenario -->
        <test-method status="PASS" signature="runScenario(io.cucumber.testng.PickleWrapper, io.cucumber.testng.FeatureWrapper)[pri:0, instance:runner.TestRunner@25359ed8]" name="runScenario" duration-ms="27674" started-at="2023-02-24T12:03:27 IST" description="Runs Cucumber Scenarios" data-provider="scenarios" finished-at="2023-02-24T12:03:55 IST">
          <params>
            <param index="0">
              <value>
                <![CDATA["Test the new compaign creation functionality with "<compaignName>""]]>
              </value>
            </param>
            <param index="1">
              <value>
                <![CDATA["Optional[VTiger compaign create delete functionality test scenarios]"]]>
              </value>
            </param>
          </params>
          <reporter-output>
          </reporter-output>
        </test-method> <!-- runScenario -->
        <test-method status="PASS" signature="runScenario(io.cucumber.testng.PickleWrapper, io.cucumber.testng.FeatureWrapper)[pri:0, instance:runner.TestRunner@25359ed8]" name="runScenario" duration-ms="104611" started-at="2023-02-24T12:03:55 IST" description="Runs Cucumber Scenarios" data-provider="scenarios" finished-at="2023-02-24T12:05:40 IST">
          <params>
            <param index="0">
              <value>
                <![CDATA["Test the delete funtionality of compaign"]]>
              </value>
            </param>
            <param index="1">
              <value>
                <![CDATA["Optional[VTiger compaign create delete functionality test scenarios]"]]>
              </value>
            </param>
          </params>
          <reporter-output>
          </reporter-output>
        </test-method> <!-- runScenario -->
        <test-method status="PASS" signature="tearDownClass()[pri:0, instance:runner.TestRunner@25359ed8]" name="tearDownClass" is-config="true" duration-ms="5446" started-at="2023-02-24T12:05:40 IST" finished-at="2023-02-24T12:05:45 IST">
          <reporter-output>
          </reporter-output>
        </test-method> <!-- tearDownClass -->
      </class> <!-- runner.TestRunner -->
    </test> <!-- Test -->
  </suite> <!-- Suite -->
</testng-results>
