<?xml version="1.0" encoding="UTF-8"?>
<!-- Generated by org.testng.reporters.JUnitXMLReporter -->
<testsuite hostname="DESKTOP-IA7RCF1" ignored="0" name="Default test" tests="3" failures="0" timestamp="2023-02-21T03:29:48 IST" time="0.264" errors="0">
  <testcase name="testCase1" time="0.027" classname="testngDay2.TestngAnnotations3"/>
  <testcase name="testCase2" time="0.006" classname="testngDay2.TestngAnnotations3"/>
  <testcase name="testCase3" time="0.016" classname="testngDay2.TestngAnnotations3"/>
</testsuite> <!-- Default test -->
