<?xml version="1.0" encoding="UTF-8"?>
<!-- Generated by org.testng.reporters.JUnitReportReporter -->
<testsuite skipped="0" hostname="DESKTOP-IA7RCF1" name="rerunFailedScenarioRunner.TestRunner2" tests="1" failures="1" timestamp="2023-02-23T16:54:14 IST" time="72.324" errors="0">
  <testcase name="runScenario" time="72.324" classname="rerunFailedScenarioRunner.TestRunner2">
    <failure type="java.lang.AssertionError" message="expected [true] but found [false]">
      <![CDATA[java.lang.AssertionError: expected [true] but found [false]
at org.testng.Assert.fail(Assert.java:97)
at org.testng.Assert.failNotEquals(Assert.java:969)
at org.testng.Assert.assertTrue(Assert.java:43)
at org.testng.Assert.assertTrue(Assert.java:53)
at stepDefinition.VTigerCompaignTest.verify_that_all_the_created_compaings_are_deleted(VTigerCompaignTest.java:113)
at ✽.Verify that all the created compaings are deleted(file:///C:/Users/HP/eclipse-workspace/MyBDDCucumberFramework/src/test/resources/features/VTigerCompaign.feature:24)
]]>
    </failure>
  </testcase> <!-- runScenario -->
  <system-out/>
</testsuite> <!-- rerunFailedScenarioRunner.TestRunner2 -->
