<?xml version="1.0" encoding="UTF-8"?>
<testng-results ignored="0" total="3" passed="3" failed="0" skipped="0">
  <reporter-output>
  </reporter-output>
  <suite started-at="2023-02-22T10:46:25 IST" name="Default suite" finished-at="2023-02-22T10:48:31 IST" duration-ms="126375">
    <groups>
      <group name="cucumber">
        <method signature="AbstractTestNGCucumberTests.runScenario(io.cucumber.testng.PickleWrapper, io.cucumber.testng.FeatureWrapper)[pri:0, instance:runner.TestRunner@740fb309]" name="runScenario" class="io.cucumber.testng.AbstractTestNGCucumberTests"/>
      </group> <!-- cucumber -->
    </groups>
    <test started-at="2023-02-22T10:46:25 IST" name="Default test" finished-at="2023-02-22T10:48:31 IST" duration-ms="126375">
      <class name="runner.TestRunner">
        <test-method is-config="true" signature="setUpClass()[pri:0, instance:runner.TestRunner@740fb309]" started-at="2023-02-22T10:46:25 IST" name="setUpClass" finished-at="2023-02-22T10:46:26 IST" duration-ms="858" status="PASS">
          <reporter-output>
          </reporter-output>
        </test-method> <!-- setUpClass -->
        <test-method signature="runScenario(io.cucumber.testng.PickleWrapper, io.cucumber.testng.FeatureWrapper)[pri:0, instance:runner.TestRunner@740fb309]" started-at="2023-02-22T10:46:26 IST" name="runScenario" description="Runs Cucumber Scenarios" data-provider="scenarios" finished-at="2023-02-22T10:46:44 IST" duration-ms="18014" status="PASS">
          <params>
            <param index="0">
              <value>
                <![CDATA["Test the new compaign creation functionality with "<compaignName>""]]>
              </value>
            </param>
            <param index="1">
              <value>
                <![CDATA["Optional[VTiger compaign create delete functionality test scenarios]"]]>
              </value>
            </param>
          </params>
          <reporter-output>
          </reporter-output>
        </test-method> <!-- runScenario -->
        <test-method signature="runScenario(io.cucumber.testng.PickleWrapper, io.cucumber.testng.FeatureWrapper)[pri:0, instance:runner.TestRunner@740fb309]" started-at="2023-02-22T10:46:44 IST" name="runScenario" description="Runs Cucumber Scenarios" data-provider="scenarios" finished-at="2023-02-22T10:47:01 IST" duration-ms="17351" status="PASS">
          <params>
            <param index="0">
              <value>
                <![CDATA["Test the new compaign creation functionality with "<compaignName>""]]>
              </value>
            </param>
            <param index="1">
              <value>
                <![CDATA["Optional[VTiger compaign create delete functionality test scenarios]"]]>
              </value>
            </param>
          </params>
          <reporter-output>
          </reporter-output>
        </test-method> <!-- runScenario -->
        <test-method signature="runScenario(io.cucumber.testng.PickleWrapper, io.cucumber.testng.FeatureWrapper)[pri:0, instance:runner.TestRunner@740fb309]" started-at="2023-02-22T10:47:01 IST" name="runScenario" description="Runs Cucumber Scenarios" data-provider="scenarios" finished-at="2023-02-22T10:48:29 IST" duration-ms="87285" status="PASS">
          <params>
            <param index="0">
              <value>
                <![CDATA["Test the delete funtionality of compaign"]]>
              </value>
            </param>
            <param index="1">
              <value>
                <![CDATA["Optional[VTiger compaign create delete functionality test scenarios]"]]>
              </value>
            </param>
          </params>
          <reporter-output>
          </reporter-output>
        </test-method> <!-- runScenario -->
        <test-method is-config="true" signature="tearDownClass()[pri:0, instance:runner.TestRunner@740fb309]" started-at="2023-02-22T10:48:29 IST" name="tearDownClass" finished-at="2023-02-22T10:48:31 IST" duration-ms="2820" status="PASS">
          <reporter-output>
          </reporter-output>
        </test-method> <!-- tearDownClass -->
      </class> <!-- runner.TestRunner -->
    </test> <!-- Default test -->
  </suite> <!-- Default suite -->
</testng-results>
