<?xml version="1.0" encoding="UTF-8"?>
<testsuite xmlns:xsi="http://www.w3.org/2001/XMLSchema-instance" xsi:noNamespaceSchemaLocation="https://maven.apache.org/surefire/maven-surefire-plugin/xsd/surefire-test-report-3.0.xsd" version="3.0" name="TestSuite" time="70.398" tests="1" errors="0" skipped="0" failures="0">
  <properties>
[...]
</properties>
  <testcase name="runScenario[&quot;Test the delete funtionality of compaign&quot;, &quot;Optional[VTiger compaign create delete functionality test scenarios]&quot;](1)" classname="suitRunner.SmokeSuitVtiger" time="56.903">
    <system-out><![CDATA[
@smoke @Rerun
Scenario: Test the delete funtionality of compaign               &amp#27;[90m# src/test/resources/features/VTigerCompaign.feature:20&amp#27;[0m
First Before Hook
Second Before Hook
Rerun specific hook
Background started
Sceanrio outline starts
Background started
  &amp#27;[32mGiven &amp#27;[0m&amp#27;[32mUser is on the Vtiger login page&amp#27;[0m                         &amp#27;[90m# stepDefinition.VTigerCompaignTest.user_is_on_the_vtiger_login_page()&amp#27;[0m
  &amp#27;[32mAnd &amp#27;[0m&amp#27;[32mUser login with valid credentials&amp#27;[0m                          &amp#27;[90m# stepDefinition.VTigerCompaignTest.user_login_with_valid_credentials()&amp#27;[0m
  &amp#27;[32mAnd &amp#27;[0m&amp#27;[32mUser navigates to compaign page&amp#27;[0m                            &amp#27;[90m# stepDefinition.VTigerCompaignTest.user_navigates_to_compaign_page()&amp#27;[0m
Delete compaign scenario
  &amp#27;[32mWhen &amp#27;[0m&amp#27;[32mUser click on select all compaign checkbox&amp#27;[0m                &amp#27;[90m# stepDefinition.VTigerCompaignTest.user_click_on_select_all_compaign_checkbox()&amp#27;[0m
  &amp#27;[32mAnd &amp#27;[0m&amp#27;[32mUser click on delete button&amp#27;[0m                                &amp#27;[90m# stepDefinition.VTigerCompaignTest.user_click_on_delete_button()&amp#27;[0m
  &amp#27;[32mAnd &amp#27;[0m&amp#27;[32mUser click on confirm delete button appeared on the pop up&amp#27;[0m &amp#27;[90m# stepDefinition.VTigerCompaignTest.user_click_on_confirm_delete_button_appeared_on_the_pop_up()&amp#27;[0m
  &amp#27;[32mThen &amp#27;[0m&amp#27;[32mVerify that all the created compaings are deleted&amp#27;[0m         &amp#27;[90m# stepDefinition.VTigerCompaignTest.verify_that_all_the_created_compaings_are_deleted()&amp#27;[0m
First After Hook
Second After Hook
]]></system-out>
    <system-err><![CDATA[SLF4J: Failed to load class "org.slf4j.impl.StaticLoggerBinder".
SLF4J: Defaulting to no-operation (NOP) logger implementation
SLF4J: See http://www.slf4j.org/codes.html#StaticLoggerBinder for further details.
Starting ChromeDriver 110.0.5481.77 (65ed616c6e8ee3fe0ad64fe83796c020644d42af-refs/branch-heads/5481@{#839}) on port 49924
Only local connections are allowed.
Please see https://chromedriver.chromium.org/security-considerations for suggestions on keeping ChromeDriver safe.
ChromeDriver was started successfully.
[1677403169.529][WARNING]: virtual void DevToolsClientImpl::AddListener(DevToolsEventListener *) subscribing a listener to the already connected DevToolsClient. Connection notification will not arrive.
Feb 26, 2023 2:49:30 PM org.openqa.selenium.remote.ProtocolHandshake createSession
INFO: Detected dialect: W3C
Feb 26, 2023 2:49:30 PM org.openqa.selenium.devtools.CdpVersionFinder findNearestMatch
WARNING: Unable to find an exact match for CDP version 110, so returning the closest version found: a no-op implementation
Feb 26, 2023 2:49:30 PM org.openqa.selenium.devtools.CdpVersionFinder findNearestMatch
INFO: Unable to find CDP implementation matching 110.
Feb 26, 2023 2:49:30 PM org.openqa.selenium.chromium.ChromiumDriver lambda$new$3
WARNING: Unable to find version of CDP to use for . You may need to include a dependency on a specific version of the CDP using something similar to `org.seleniumhq.selenium:selenium-devtools-v86:4.1.2` where the version ("v86") matches the version of the chromium-based browser you're using and the version number of the artifact is the same as Selenium's.
Starting ChromeDriver 110.0.5481.77 (65ed616c6e8ee3fe0ad64fe83796c020644d42af-refs/branch-heads/5481@{#839}) on port 65248
Only local connections are allowed.
Please see https://chromedriver.chromium.org/security-considerations for suggestions on keeping ChromeDriver safe.
ChromeDriver was started successfully.
[1677403194.287][WARNING]: virtual void DevToolsClientImpl::AddListener(DevToolsEventListener *) subscribing a listener to the already connected DevToolsClient. Connection notification will not arrive.
Feb 26, 2023 2:49:55 PM org.openqa.selenium.remote.ProtocolHandshake createSession
INFO: Detected dialect: W3C
Feb 26, 2023 2:49:55 PM org.openqa.selenium.devtools.CdpVersionFinder findNearestMatch
WARNING: Unable to find an exact match for CDP version 110, so returning the closest version found: a no-op implementation
Feb 26, 2023 2:49:55 PM org.openqa.selenium.devtools.CdpVersionFinder findNearestMatch
INFO: Unable to find CDP implementation matching 110.
Feb 26, 2023 2:49:55 PM org.openqa.selenium.chromium.ChromiumDriver lambda$new$3
WARNING: Unable to find version of CDP to use for . You may need to include a dependency on a specific version of the CDP using something similar to `org.seleniumhq.selenium:selenium-devtools-v86:4.1.2` where the version ("v86") matches the version of the chromium-based browser you're using and the version number of the artifact is the same as Selenium's.
]]></system-err>
  </testcase>
</testsuite>