<?xml version="1.0" encoding="UTF-8"?>
<testng-results skipped="0" failed="0" ignored="0" total="1" passed="1">
  <reporter-output>
  </reporter-output>
  <suite name="Suite" duration-ms="127627" started-at="2023-02-24T15:34:25 IST" finished-at="2023-02-24T15:36:32 IST">
    <groups>
      <group name="cucumber">
        <method signature="AbstractTestNGCucumberTests.runScenario(io.cucumber.testng.PickleWrapper, io.cucumber.testng.FeatureWrapper)[pri:0, instance:suitRunner.SmokeSuitVtiger@25359ed8]" name="runScenario" class="io.cucumber.testng.AbstractTestNGCucumberTests"/>
      </group> <!-- cucumber -->
    </groups>
    <test name="Test" duration-ms="127627" started-at="2023-02-24T15:34:25 IST" finished-at="2023-02-24T15:36:32 IST">
      <class name="suitRunner.SmokeSuitVtiger">
        <test-method status="PASS" signature="setUpClass()[pri:0, instance:suitRunner.SmokeSuitVtiger@25359ed8]" name="setUpClass" is-config="true" duration-ms="4176" started-at="2023-02-24T15:34:25 IST" finished-at="2023-02-24T15:34:29 IST">
          <reporter-output>
          </reporter-output>
        </test-method> <!-- setUpClass -->
        <test-method status="PASS" signature="runScenario(io.cucumber.testng.PickleWrapper, io.cucumber.testng.FeatureWrapper)[pri:0, instance:suitRunner.SmokeSuitVtiger@25359ed8]" name="runScenario" duration-ms="112712" started-at="2023-02-24T15:34:29 IST" description="Runs Cucumber Scenarios" data-provider="scenarios" finished-at="2023-02-24T15:36:22 IST">
          <params>
            <param index="0">
              <value>
                <![CDATA["Test the delete funtionality of compaign"]]>
              </value>
            </param>
            <param index="1">
              <value>
                <![CDATA["Optional[VTiger compaign create delete functionality test scenarios]"]]>
              </value>
            </param>
          </params>
          <reporter-output>
          </reporter-output>
        </test-method> <!-- runScenario -->
        <test-method status="PASS" signature="tearDownClass()[pri:0, instance:suitRunner.SmokeSuitVtiger@25359ed8]" name="tearDownClass" is-config="true" duration-ms="10560" started-at="2023-02-24T15:36:22 IST" finished-at="2023-02-24T15:36:32 IST">
          <reporter-output>
          </reporter-output>
        </test-method> <!-- tearDownClass -->
      </class> <!-- suitRunner.SmokeSuitVtiger -->
    </test> <!-- Test -->
  </suite> <!-- Suite -->
</testng-results>
